<?xml version="1.0" encoding="UTF-8"?>
<testsuites name="jest tests" tests="9" failures="0" errors="0" time="8.078">
  <testsuite name="Property 23: Video Quality Verification" errors="0" failures="0" skipped="0" timestamp="2025-11-21T04:03:26" time="7.758" tests="9">
    <testcase classname="Property 23: Video Quality Verification" name="should verify audio quality, visual clarity, and engagement for all videos" time="0.805">
    </testcase>
    <testcase classname="Property 23: Video Quality Verification" name="should detect audio quality issues for low bitrate videos" time="0.015">
    </testcase>
    <testcase classname="Property 23: Video Quality Verification" name="should detect visual quality issues for low resolution videos" time="0.015">
    </testcase>
    <testcase classname="Property 24: Written Material Quality Checks" name="should check accuracy, clarity, and depth for all written materials" time="3.406">
    </testcase>
    <testcase classname="Property 24: Written Material Quality Checks" name="should detect depth issues for documents that are too short" time="1.993">
    </testcase>
    <testcase classname="Property 25: Assessment Rigor Validation" name="should validate rigor level and alignment for all assessments" time="0.05">
    </testcase>
    <testcase classname="Property 25: Assessment Rigor Validation" name="should detect alignment issues for assessments without aligned objectives" time="0.044">
    </testcase>
    <testcase classname="Property 25: Assessment Rigor Validation" name="should detect rubric issues for assessments without rubrics" time="0.04">
    </testcase>
    <testcase classname="Property 26: Course Approval on Passing Checks" name="should approve courses only when all quality checks pass" time="0.45">
    </testcase>
  </testsuite>
</testsuites>